<?xml version="1.0" encoding="UTF-8"?>
<testng-results ignored="0" total="1" passed="1" failed="0" skipped="0">
  <reporter-output>
  </reporter-output>
  <suite started-at="2025-03-28T17:14:56 IST" name="Surefire suite" finished-at="2025-03-28T17:15:00 IST" duration-ms="3556">
    <groups>
    </groups>
    <test started-at="2025-03-28T17:14:56 IST" name="Surefire test" finished-at="2025-03-28T17:15:00 IST" duration-ms="3556">
      <class name="com.epam.tests.LoginTest">
        <test-method is-config="true" signature="setUp(com.epam.ui.factories.BrowserType)[pri:0, instance:com.epam.tests.LoginTest@6fe7aac8]" started-at="2025-03-28T17:14:56 IST" name="setUp" finished-at="2025-03-28T17:14:58 IST" duration-ms="1241" status="PASS">
          <params>
            <param index="0">
              <value>
                <![CDATA[CHROME]]>
              </value>
            </param>
          </params>
          <reporter-output>
          </reporter-output>
        </test-method> <!-- setUp -->
        <test-method signature="homePageRedirectionTest()[pri:0, instance:com.epam.tests.LoginTest@6fe7aac8]" started-at="2025-03-28T17:14:58 IST" name="homePageRedirectionTest" finished-at="2025-03-28T17:14:59 IST" duration-ms="1343" status="PASS">
          <reporter-output>
          </reporter-output>
        </test-method> <!-- homePageRedirectionTest -->
        <test-method is-config="true" signature="tearDown()[pri:0, instance:com.epam.tests.LoginTest@6fe7aac8]" started-at="2025-03-28T17:14:59 IST" name="tearDown" finished-at="2025-03-28T17:15:00 IST" duration-ms="941" status="PASS">
          <reporter-output>
          </reporter-output>
        </test-method> <!-- tearDown -->
      </class> <!-- com.epam.tests.LoginTest -->
    </test> <!-- Surefire test -->
  </suite> <!-- Surefire suite -->
</testng-results>
